<?xml version="1.0" encoding="UTF-8"?>
<!-- Generated by org.testng.reporters.JUnitReportReporter -->
<testsuite skipped="0" hostname="PINKU" name="testScript.TwitterTest" tests="1" failures="0" timestamp="21 Aug 2018 14:23:02 GMT" time="55.734" errors="0">
  <testcase name="SearchPage" time="55.734" classname="testScript.TwitterTest"/>
</testsuite> <!-- testScript.TwitterTest -->
