<?xml version="1.0" encoding="UTF-8"?>
<!-- Generated by org.testng.reporters.JUnitReportReporter -->
<testsuite skipped="0" hostname="PINKU" name="testScript.LinkedInTest" tests="1" failures="0" timestamp="21 Aug 2018 14:23:02 GMT" time="46.987" errors="0">
  <testcase name="SearchPage" time="46.987" classname="testScript.LinkedInTest"/>
</testsuite> <!-- testScript.LinkedInTest -->
